<?xml version="1.0" encoding="UTF-8"?>
<!-- Generated by org.testng.reporters.JUnitXMLReporter -->
<testsuite ignored="0" hostname="LAPTOP-VKAG1RPA" failures="0" tests="9" name="Branch" time="40.329" errors="0" timestamp="2021-01-18T11:23:33 IST">
  <testcase classname="com.extraPOSTest.testCases.systemAdministration.TC_BranchDDT_Add" name="clickSelectAll" time="4.256"/>
  <testcase classname="com.extraPOSTest.testCases.systemAdministration.TC_BranchDDT_Add" name="branchCreate" time="4.278"/>
  <testcase classname="com.extraPOSTest.testCases.systemAdministration.TC_BranchDDT_Add" name="branchCreate" time="3.843"/>
  <testcase classname="com.extraPOSTest.testCases.systemAdministration.TC_BranchDDT_Add" name="branchCreate" time="3.018"/>
  <testcase classname="com.extraPOSTest.testCases.systemAdministration.TC_BranchDDT_Add" name="branchCreate" time="3.248"/>
  <testcase classname="com.extraPOSTest.testCases.systemAdministration.TC_BranchDDT_Add" name="branchCreate" time="2.665"/>
  <testcase classname="com.extraPOSTest.testCases.systemAdministration.TC_BranchDDT_Add" name="branchCreate" time="2.901"/>
  <testcase classname="com.extraPOSTest.testCases.systemAdministration.TC_BranchDDT_Add" name="branchCreate" time="0.027"/>
  <testcase classname="com.extraPOSTest.testCases.systemAdministration.TC_BranchDDT_Add" name="printExcel" time="0.236"/>
</testsuite> <!-- Branch -->
