<?xml version="1.0" encoding="UTF-8"?>
<!-- Generated by org.testng.reporters.JUnitXMLReporter -->
<testsuite ignored="0" hostname="LAPTOP-VKAG1RPA" failures="1" tests="6" name="Category" time="77.881" errors="0" timestamp="2021-01-18T11:16:51 IST">
  <testcase classname="com.extraPOSTest.testCases.inventory.maintenance.TC_Category_Add" name="clickLinksToCategory" time="4.643"/>
  <testcase classname="com.extraPOSTest.testCases.inventory.maintenance.TC_Category_Add" name="addCategory" time="5.632"/>
  <testcase classname="com.extraPOSTest.testCases.inventory.maintenance.TC_Category_Add" name="addCategory" time="2.599"/>
  <testcase classname="com.extraPOSTest.testCases.inventory.maintenance.TC_Category_Add" name="addCategory" time="2.413"/>
  <testcase classname="com.extraPOSTest.testCases.inventory.maintenance.TC_Category_Add" name="addCategory" time="22.316">
    <failure type="java.lang.AssertionError" message="Can not get validation Msg for Duplicate/Already Exist CatCode expected [true] but found [false]">
      <![CDATA[java.lang.AssertionError: Can not get validation Msg for Duplicate/Already Exist CatCode expected [true] but found [false]
at com.extraPOSTest.testCases.inventory.maintenance.TC_Category_Add.addCategory(TC_Category_Add.java:155)
at java.base/java.util.ArrayList.forEach(ArrayList.java:1511)
... Removed 30 stack frames]]>
    </failure>
  </testcase> <!-- addCategory -->
  <testcase classname="com.extraPOSTest.testCases.inventory.maintenance.TC_Category_Add" name="saveCategory" time="20.779"/>
</testsuite> <!-- Category -->
