<?xml version="1.0" encoding="UTF-8"?>
<!-- Generated by org.testng.reporters.JUnitXMLReporter -->
<testsuite ignored="0" hostname="LAPTOP-VKAG1RPA" failures="0" tests="13" name="ExtraPOS Test" time="27.061" errors="0" timestamp="2021-01-02T07:45:08 IST">
  <testcase classname="com.extraPOSTest.testCases.TC_UserManagement" name="userCreationDDT" time="0.006"/>
  <testcase classname="com.extraPOSTest.testCases.TC_UserManagement" name="userCreationDDT" time="0.001"/>
  <testcase classname="com.extraPOSTest.testCases.TC_UserManagement" name="userCreationDDT" time="0.002"/>
  <testcase classname="com.extraPOSTest.testCases.TC_UserManagement" name="userCreationDDT" time="0.001"/>
  <testcase classname="com.extraPOSTest.testCases.TC_UserManagement" name="userCreationDDT" time="0.001"/>
  <testcase classname="com.extraPOSTest.testCases.TC_UserManagement" name="userCreationDDT" time="0.001"/>
  <testcase classname="com.extraPOSTest.testCases.TC_UserManagement" name="userCreationDDT" time="0.001"/>
  <testcase classname="com.extraPOSTest.testCases.TC_UserManagement" name="userCreationDDT" time="0.001"/>
  <testcase classname="com.extraPOSTest.testCases.TC_UserManagement" name="userCreationDDT" time="0.001"/>
  <testcase classname="com.extraPOSTest.testCases.TC_UserManagement" name="userCreationDDT" time="0.0"/>
  <testcase classname="com.extraPOSTest.testCases.TC_UserManagement" name="userCreationDDT" time="0.002"/>
  <testcase classname="com.extraPOSTest.testCases.TC_UserManagement" name="userCreationDDT" time="0.001"/>
  <testcase classname="com.extraPOSTest.testCases.TC_UserManagement" name="befrmthd" time="4.814"/>
</testsuite> <!-- ExtraPOS Test -->
