<?xml version="1.0" encoding="UTF-8"?>
<!-- Generated by org.testng.reporters.JUnitXMLReporter -->
<testsuite ignored="0" hostname="LAPTOP-VKAG1RPA" failures="0" tests="30" name="UserManagementTest" time="361.566" errors="0" timestamp="2021-01-18T11:22:53 IST">
  <testcase classname="com.extraPOSTest.testCases.security.TC_UserManagementDDT" name="clickSelectAll" time="6.295"/>
  <testcase classname="com.extraPOSTest.testCases.security.TC_UserManagementDDT" name="addUserManagementDDT" time="4.825"/>
  <testcase classname="com.extraPOSTest.testCases.security.TC_UserManagementDDT" name="addUserManagementDDT" time="21.832"/>
  <testcase classname="com.extraPOSTest.testCases.security.TC_UserManagementDDT" name="addUserManagementDDT" time="0.313"/>
  <testcase classname="com.extraPOSTest.testCases.security.TC_UserManagementDDT" name="addUserManagementDDT" time="2.968"/>
  <testcase classname="com.extraPOSTest.testCases.security.TC_UserManagementDDT" name="addUserManagementDDT" time="21.761"/>
  <testcase classname="com.extraPOSTest.testCases.security.TC_UserManagementDDT" name="addUserManagementDDT" time="0.315"/>
  <testcase classname="com.extraPOSTest.testCases.security.TC_UserManagementDDT" name="addUserManagementDDT" time="3.109"/>
  <testcase classname="com.extraPOSTest.testCases.security.TC_UserManagementDDT" name="addUserManagementDDT" time="3.156"/>
  <testcase classname="com.extraPOSTest.testCases.security.TC_UserManagementDDT" name="addUserManagementDDT" time="2.827"/>
  <testcase classname="com.extraPOSTest.testCases.security.TC_UserManagementDDT" name="addUserManagementDDT" time="2.841"/>
  <testcase classname="com.extraPOSTest.testCases.security.TC_UserManagementDDT" name="addUserManagementDDT" time="2.647"/>
  <testcase classname="com.extraPOSTest.testCases.security.TC_UserManagementDDT" name="addUserManagementDDT" time="21.961"/>
  <testcase classname="com.extraPOSTest.testCases.security.TC_UserManagementDDT" name="addUserManagementDDT" time="0.313"/>
  <testcase classname="com.extraPOSTest.testCases.security.TC_UserManagementDDT" name="addUserManagementDDT" time="22.008"/>
  <testcase classname="com.extraPOSTest.testCases.security.TC_UserManagementDDT" name="addUserManagementDDT" time="0.304"/>
  <testcase classname="com.extraPOSTest.testCases.security.TC_UserManagementDDT" name="addUserManagementDDT" time="22.332"/>
  <testcase classname="com.extraPOSTest.testCases.security.TC_UserManagementDDT" name="addUserManagementDDT" time="24.294"/>
  <testcase classname="com.extraPOSTest.testCases.security.TC_UserManagementDDT" name="addUserManagementDDT" time="22.332"/>
  <testcase classname="com.extraPOSTest.testCases.security.TC_UserManagementDDT" name="addUserManagementDDT" time="0.3"/>
  <testcase classname="com.extraPOSTest.testCases.security.TC_UserManagementDDT" name="addUserManagementDDT" time="22.33"/>
  <testcase classname="com.extraPOSTest.testCases.security.TC_UserManagementDDT" name="addUserManagementDDT" time="0.341"/>
  <testcase classname="com.extraPOSTest.testCases.security.TC_UserManagementDDT" name="addUserManagementDDT" time="22.418"/>
  <testcase classname="com.extraPOSTest.testCases.security.TC_UserManagementDDT" name="addUserManagementDDT" time="22.101"/>
  <testcase classname="com.extraPOSTest.testCases.security.TC_UserManagementDDT" name="addUserManagementDDT" time="22.311"/>
  <testcase classname="com.extraPOSTest.testCases.security.TC_UserManagementDDT" name="addUserManagementDDT" time="0.293"/>
  <testcase classname="com.extraPOSTest.testCases.security.TC_UserManagementDDT" name="addUserManagementDDT" time="22.216"/>
  <testcase classname="com.extraPOSTest.testCases.security.TC_UserManagementDDT" name="addUserManagementDDT" time="22.047"/>
  <testcase classname="com.extraPOSTest.testCases.security.TC_UserManagementDDT" name="addUserManagementDDT" time="22.125"/>
  <testcase classname="com.extraPOSTest.testCases.security.TC_UserManagementDDT" name="printExcel" time="0.979"/>
</testsuite> <!-- UserManagementTest -->
