<?xml version="1.0" encoding="UTF-8"?>
<!-- Generated by org.testng.reporters.JUnitXMLReporter -->
<testsuite ignored="1" hostname="LAPTOP-VKAG1RPA" failures="0" tests="3" name="Uom" time="29.902" errors="0" timestamp="2021-03-10T11:31:07 IST">
  <testcase classname="com.extraPOSTest.testCases.inventory.maintenance.TC_UoM" name="selectALL_forUomCode" time="4.916"/>
  <testcase classname="com.extraPOSTest.testCases.inventory.maintenance.TC_UoM" name="createUomCode" time="4.886"/>
  <testcase classname="com.extraPOSTest.testCases.inventory.maintenance.TC_UoM" name="createUomCode" time="6.184"/>
  <testcase classname="com.extraPOSTest.testCases.inventory.maintenance.TC_UoM" name="searchUom" time="0.0">
    <ignored/>
  </testcase> <!-- searchUom -->
</testsuite> <!-- Uom -->
