<?xml version="1.0" encoding="UTF-8"?>
<!-- Generated by org.testng.reporters.JUnitXMLReporter -->
<testsuite ignored="0" hostname="LAPTOP-VKAG1RPA" failures="1" tests="1" name="Branch" time="18.378" errors="0" timestamp="2021-01-15T10:49:24 IST">
  <testcase classname="com.extraPOSTest.testCases.systemAdministration.TC_BranchDDT_SearchEdit" name="searchBranch" time="2.879">
    <failure type="java.lang.AssertionError" message="No data found for corresponding search expected [true] but found [false]">
      <![CDATA[java.lang.AssertionError: No data found for corresponding search expected [true] but found [false]
at com.extraPOSTest.testCases.systemAdministration.TC_BranchDDT_SearchEdit.searchBranch(TC_BranchDDT_SearchEdit.java:91)
at java.base/java.util.ArrayList.forEach(ArrayList.java:1511)
... Removed 30 stack frames]]>
    </failure>
  </testcase> <!-- searchBranch -->
</testsuite> <!-- Branch -->
