<?xml version="1.0" encoding="UTF-8"?>
<!-- Generated by org.testng.reporters.JUnitXMLReporter -->
<testsuite ignored="1" hostname="LAPTOP-VKAG1RPA" failures="2" tests="2" name="UserManagementTest(failed)" time="12.501" errors="0" timestamp="2021-01-08T11:48:25 IST">
  <testcase classname="com.extraPOSTest.testCases.TC_UserManagementDDT" name="addUserManagementDDT" time="0.251">
    <failure type="java.lang.NullPointerException" message="Cannot invoke &amp;quot;org.openqa.selenium.SearchContext.findElement(org.openqa.selenium.By)&amp;quot; because &amp;quot;this.searchContext&amp;quot; is null">
      <![CDATA[java.lang.NullPointerException: Cannot invoke "org.openqa.selenium.SearchContext.findElement(org.openqa.selenium.By)" because "this.searchContext" is null
at org.openqa.selenium.support.pagefactory.DefaultElementLocator.findElement(DefaultElementLocator.java:69)
at org.openqa.selenium.support.pagefactory.internal.LocatingElementHandler.invoke(LocatingElementHandler.java:38)
at com.sun.proxy.$Proxy15.click(Unknown Source)
at com.extraPOSTest.pageObjects.PostLoginPage.clickSecurity(PostLoginPage.java:98)
at com.extraPOSTest.testCases.TC_UserManagementDDT.addUserManagementDDT(TC_UserManagementDDT.java:114)
at java.base/java.util.ArrayList.forEach(ArrayList.java:1511)
... Removed 27 stack frames]]>
    </failure>
  </testcase> <!-- addUserManagementDDT -->
  <testcase classname="com.extraPOSTest.testCases.TC_UserManagementDDT" name="addUserManagementDDT" time="2.798">
    <failure type="java.lang.NullPointerException" message="Cannot invoke &amp;quot;org.openqa.selenium.TakesScreenshot.getScreenshotAs(org.openqa.selenium.OutputType)&amp;quot; because &amp;quot;tc&amp;quot; is null">
      <![CDATA[java.lang.NullPointerException: Cannot invoke "org.openqa.selenium.TakesScreenshot.getScreenshotAs(org.openqa.selenium.OutputType)" because "tc" is null
at com.extraPOSTest.resources.BaseClass.getScreenShotPath(BaseClass.java:79)
at com.extraPOSTest.utilities.Listeners.onTestFailure(Listeners.java:53)
at java.base/java.util.ArrayList.forEach(ArrayList.java:1511)
... Removed 24 stack frames]]>
    </failure>
  </testcase> <!-- addUserManagementDDT -->
  <testcase classname="com.extraPOSTest.testCases.TC_UserManagementDDT" name="LoginMethod_UsrMgmntDDT" time="0.0">
    <ignored/>
  </testcase> <!-- LoginMethod_UsrMgmntDDT -->
</testsuite> <!-- UserManagementTest(failed) -->
