<?xml version="1.0" encoding="UTF-8"?>
<testng-results ignored="1" total="4" passed="3" failed="0" skipped="0">
  <reporter-output>
  </reporter-output>
  <suite started-at="2021-03-10T12:11:17 IST" name="Inventory-Maintenance" finished-at="2021-03-10T12:12:54 IST" duration-ms="96211">
    <groups>
    </groups>
    <test started-at="2021-03-10T12:11:17 IST" name="Uom" finished-at="2021-03-10T12:12:54 IST" duration-ms="96211">
      <class name="com.extraPOSTest.testCases.inventory.maintenance.TC_UoM">
        <test-method is-config="true" signature="createExcelReportExcel()[pri:0, instance:com.extraPOSTest.testCases.inventory.maintenance.TC_UoM@409c54f]" started-at="2021-03-10T12:11:16 IST" name="createExcelReportExcel" finished-at="2021-03-10T12:11:17 IST" duration-ms="965" status="PASS">
          <reporter-output>
          </reporter-output>
        </test-method> <!-- createExcelReportExcel -->
        <test-method is-config="true" signature="BrowserSetUp(java.lang.String)[pri:0, instance:com.extraPOSTest.testCases.inventory.maintenance.TC_UoM@409c54f]" started-at="2021-03-10T12:11:17 IST" name="BrowserSetUp" finished-at="2021-03-10T12:12:32 IST" duration-ms="75032" status="PASS">
          <params>
            <param index="0">
              <value>
                <![CDATA[chrome]]>
              </value>
            </param>
          </params>
          <reporter-output>
          </reporter-output>
        </test-method> <!-- BrowserSetUp -->
        <test-method signature="selectALL_forUomCode()[pri:0, instance:com.extraPOSTest.testCases.inventory.maintenance.TC_UoM@409c54f]" started-at="2021-03-10T12:12:32 IST" name="selectALL_forUomCode" finished-at="2021-03-10T12:12:39 IST" duration-ms="6480" status="PASS">
          <reporter-output>
          </reporter-output>
        </test-method> <!-- selectALL_forUomCode -->
        <test-method signature="createUomCode(java.lang.String, java.lang.String, java.lang.String, java.lang.String, java.lang.String, java.lang.String, java.lang.String, java.lang.String, java.lang.String, java.lang.String)[pri:1, instance:com.extraPOSTest.testCases.inventory.maintenance.TC_UoM@409c54f]" started-at="2021-03-10T12:12:41 IST" name="createUomCode" data-provider="addUom" finished-at="2021-03-10T12:12:46 IST" duration-ms="5099" status="PASS">
          <params>
            <param index="0">
              <value>
                <![CDATA[Inventory-Uom]]>
              </value>
            </param>
            <param index="1">
              <value>
                <![CDATA[TC_UOM_001]]>
              </value>
            </param>
            <param index="2">
              <value>
                <![CDATA[Check the response when entering UomCode > 20.]]>
              </value>
            </param>
            <param index="3">
              <value>
                <![CDATA[STUOM1012345678901234567890]]>
              </value>
            </param>
            <param index="4">
              <value>
                <![CDATA[Susmith for Test]]>
              </value>
            </param>
            <param index="5">
              <value>
                <![CDATA[Rolls]]>
              </value>
            </param>
            <param index="6">
              <value>
                <![CDATA[12.234]]>
              </value>
            </param>
            <param index="7">
              <value>
                <![CDATA[active]]>
              </value>
            </param>
            <param index="8">
              <value>
                <![CDATA[]]>
              </value>
            </param>
            <param index="9">
              <value>
                <![CDATA[There should be a inline validation for Max Length.]]>
              </value>
            </param>
          </params>
          <reporter-output>
          </reporter-output>
        </test-method> <!-- createUomCode -->
        <test-method signature="createUomCode(java.lang.String, java.lang.String, java.lang.String, java.lang.String, java.lang.String, java.lang.String, java.lang.String, java.lang.String, java.lang.String, java.lang.String)[pri:1, instance:com.extraPOSTest.testCases.inventory.maintenance.TC_UoM@409c54f]" started-at="2021-03-10T12:12:46 IST" name="createUomCode" data-provider="addUom" finished-at="2021-03-10T12:12:53 IST" duration-ms="6271" status="PASS">
          <params>
            <param index="0">
              <value>
                <![CDATA[Inventory-Uom]]>
              </value>
            </param>
            <param index="1">
              <value>
                <![CDATA[TC_UOM_002]]>
              </value>
            </param>
            <param index="2">
              <value>
                <![CDATA[Check the response when entering UomCode > 20.]]>
              </value>
            </param>
            <param index="3">
              <value>
                <![CDATA[STUOM10123456789012hhhhhhh]]>
              </value>
            </param>
            <param index="4">
              <value>
                <![CDATA[Susmith for Test]]>
              </value>
            </param>
            <param index="5">
              <value>
                <![CDATA[Rolls]]>
              </value>
            </param>
            <param index="6">
              <value>
                <![CDATA[]]>
              </value>
            </param>
            <param index="7">
              <value>
                <![CDATA[active]]>
              </value>
            </param>
            <param index="8">
              <value>
                <![CDATA[]]>
              </value>
            </param>
            <param index="9">
              <value>
                <![CDATA[There should be a inline validation for Max Length.]]>
              </value>
            </param>
          </params>
          <reporter-output>
          </reporter-output>
        </test-method> <!-- createUomCode -->
        <test-method is-config="true" signature="tearDown()[pri:0, instance:com.extraPOSTest.testCases.inventory.maintenance.TC_UoM@409c54f]" started-at="2021-03-10T12:12:53 IST" name="tearDown" finished-at="2021-03-10T12:12:54 IST" duration-ms="817" status="PASS">
          <reporter-output>
          </reporter-output>
        </test-method> <!-- tearDown -->
      </class> <!-- com.extraPOSTest.testCases.inventory.maintenance.TC_UoM -->
    </test> <!-- Uom -->
  </suite> <!-- Inventory-Maintenance -->
</testng-results>
