<?xml version="1.0" encoding="UTF-8"?>
<testsuite xmlns:xsi="http://www.w3.org/2001/XMLSchema-instance" xsi:noNamespaceSchemaLocation="https://maven.apache.org/surefire/maven-surefire-plugin/xsd/surefire-test-report-3.0.xsd" version="3.0" name="TestSuite" time="99.613" tests="3" errors="0" skipped="0" failures="0">
  <properties>
[...]
</properties>
  <testcase name="selectALL_forUomCode" classname="com.extraPOSTest.testCases.inventory.maintenance.TC_UoM" time="6.472"/>
  <testcase name="createUomCode" classname="com.extraPOSTest.testCases.inventory.maintenance.TC_UoM" time="5.099"/>
  <testcase name="createUomCode" classname="com.extraPOSTest.testCases.inventory.maintenance.TC_UoM" time="6.272"/>
</testsuite>