<?xml version="1.0" encoding="UTF-8"?>
<!-- Generated by org.testng.reporters.JUnitXMLReporter -->
<testsuite ignored="0" hostname="LAPTOP-VKAG1RPA" failures="4" tests="5" name="UDA" time="123.046" errors="0" timestamp="2021-02-18T11:47:28 IST">
  <testcase classname="com.extraPOSTest.testCases.inventory.maintenance.TC_UDA" name="createUDA" time="27.36">
    <failure type="java.lang.AssertionError" message="There is No validation msg for empty UserDefinedFieldName expected [true] but found [false]">
      <![CDATA[java.lang.AssertionError: There is No validation msg for empty UserDefinedFieldName expected [true] but found [false]
at com.extraPOSTest.testCases.inventory.maintenance.TC_UDA.createUDA(TC_UDA.java:261)
at java.base/java.util.ArrayList.forEach(ArrayList.java:1511)
... Removed 30 stack frames]]>
    </failure>
  </testcase> <!-- createUDA -->
  <testcase classname="com.extraPOSTest.testCases.inventory.maintenance.TC_UDA" name="createUDA" time="2.22"/>
  <testcase classname="com.extraPOSTest.testCases.inventory.maintenance.TC_UDA" name="createUDA" time="27.011">
    <failure type="java.lang.AssertionError" message="No validation for duplicateUserdefinedfieldname expected [true] but found [false]">
      <![CDATA[java.lang.AssertionError: No validation for duplicateUserdefinedfieldname expected [true] but found [false]
at com.extraPOSTest.testCases.inventory.maintenance.TC_UDA.createUDA(TC_UDA.java:323)
at java.base/java.util.ArrayList.forEach(ArrayList.java:1511)
... Removed 30 stack frames]]>
    </failure>
  </testcase> <!-- createUDA -->
  <testcase classname="com.extraPOSTest.testCases.inventory.maintenance.TC_UDA" name="createUDA" time="21.646">
    <failure type="java.lang.AssertionError" message="There is No validation msg for empty lovCode expected [true] but found [false]">
      <![CDATA[java.lang.AssertionError: There is No validation msg for empty lovCode expected [true] but found [false]
at com.extraPOSTest.testCases.inventory.maintenance.TC_UDA.createUDA(TC_UDA.java:374)
at java.base/java.util.ArrayList.forEach(ArrayList.java:1511)
... Removed 30 stack frames]]>
    </failure>
  </testcase> <!-- createUDA -->
  <testcase classname="com.extraPOSTest.testCases.inventory.maintenance.TC_UDA" name="createUDA" time="27.655">
    <failure type="java.lang.AssertionError" message="There is No validation msg for Max Charater Limit in UserDefinedFieldName  expected [true] but found [false]">
      <![CDATA[java.lang.AssertionError: There is No validation msg for Max Charater Limit in UserDefinedFieldName  expected [true] but found [false]
at com.extraPOSTest.testCases.inventory.maintenance.TC_UDA.createUDA(TC_UDA.java:288)
at java.base/java.util.ArrayList.forEach(ArrayList.java:1511)
... Removed 30 stack frames]]>
    </failure>
  </testcase> <!-- createUDA -->
</testsuite> <!-- UDA -->
